生成启动时间为 9/3/2013 2:56:05 PM。
     1>项目“D:\Coding\Vsproject\bootos\Win32\bootos\bootos\bootos.vcxproj”在节点 2 上(build 个目标)。
     1>InitializeBuildStatus:
         正在创建“Debug\bootos.unsuccessfulbuild”，因为已指定“AlwaysCreate”。
       ClCompile:
         C:\Program Files\Microsoft Visual Studio 10.0\VC\bin\CL.exe /c /ZI /nologo /W3 /WX- /Od /Oy- /D WIN32 /D _DEBUG /D _CONSOLE /D _UNICODE /D UNICODE /Gm /EHsc /RTC1 /MDd /GS /fp:precise /Zc:wchar_t /Zc:forScope /Fo"Debug\\" /Fd"Debug\vc100.pdb" /Gd /TP /analyze- /errorReport:prompt ..\..\..\src\bootos_manager.cpp ..\..\..\src\commander.cpp ..\..\..\src\common.cpp ..\..\..\src\config_reader.cpp ..\..\..\src\heartbeat.cpp ..\..\..\src\main.cpp
         common.cpp
     1>d:\coding\vsproject\bootos\src\common.cpp(46): warning C4244: “参数”: 从“std::streamsize”转换到“unsigned int”，可能丢失数据
     1>d:\coding\vsproject\bootos\src\common.cpp(157): warning C4996: 'sprintf': This function or variable may be unsafe. Consider using sprintf_s instead. To disable deprecation, use _CRT_SECURE_NO_WARNINGS. See online help for details.
                 c:\program files\microsoft visual studio 10.0\vc\include\stdio.h(371) : 参见“sprintf”的声明
     1>d:\coding\vsproject\bootos\src\common.cpp(281): warning C4482: 使用了非标准扩展: 限定名中使用了枚举“level”
         bootos_manager.cpp
     1>d:\coding\vsproject\bootos\src\bootos_manager.cpp(63): error C2678: 二进制“[”: 没有找到接受“const std::map<_Kty,_Ty>”类型的左操作数的运算符(或没有可接受的转换)
                 with
                 [
                     _Kty=std::string,
                     _Ty=int
                 ]
                 c:\program files\microsoft visual studio 10.0\vc\include\map(164): 可能是“int &std::map<_Kty,_Ty>::operator [](std::basic_string<_Elem,_Traits,_Ax> &&)”
                 with
                 [
                     _Kty=std::string,
                     _Ty=int,
                     _Elem=char,
                     _Traits=std::char_traits<char>,
                     _Ax=std::allocator<char>
                 ]
                 c:\program files\microsoft visual studio 10.0\vc\include\map(209): 或       “int &std::map<_Kty,_Ty>::operator [](const std::basic_string<_Elem,_Traits,_Ax> &)”
                 with
                 [
                     _Kty=std::string,
                     _Ty=int,
                     _Elem=char,
                     _Traits=std::char_traits<char>,
                     _Ax=std::allocator<char>
                 ]
                 尝试匹配参数列表“(const std::map<_Kty,_Ty>, const char [8])”时
                 with
                 [
                     _Kty=std::string,
                     _Ty=int
                 ]
     1>d:\coding\vsproject\bootos\src\bootos_manager.cpp(67): error C2678: 二进制“[”: 没有找到接受“const std::map<_Kty,_Ty>”类型的左操作数的运算符(或没有可接受的转换)
                 with
                 [
                     _Kty=std::string,
                     _Ty=int
                 ]
                 c:\program files\microsoft visual studio 10.0\vc\include\map(164): 可能是“int &std::map<_Kty,_Ty>::operator [](std::basic_string<_Elem,_Traits,_Ax> &&)”
                 with
                 [
                     _Kty=std::string,
                     _Ty=int,
                     _Elem=char,
                     _Traits=std::char_traits<char>,
                     _Ax=std::allocator<char>
                 ]
                 c:\program files\microsoft visual studio 10.0\vc\include\map(209): 或       “int &std::map<_Kty,_Ty>::operator [](const std::basic_string<_Elem,_Traits,_Ax> &)”
                 with
                 [
                     _Kty=std::string,
                     _Ty=int,
                     _Elem=char,
                     _Traits=std::char_traits<char>,
                     _Ax=std::allocator<char>
                 ]
                 尝试匹配参数列表“(const std::map<_Kty,_Ty>, const char [10])”时
                 with
                 [
                     _Kty=std::string,
                     _Ty=int
                 ]
         正在生成代码...
         正在编译...
         main.cpp
         heartbeat.cpp
         config_reader.cpp
         commander.cpp
         正在生成代码...
     1>已完成生成项目“D:\Coding\Vsproject\bootos\Win32\bootos\bootos\bootos.vcxproj”(build 个目标)的操作 - 失败。

生成失败。

已用时间 00:00:07.13
